02-May-2024 11:32:51.824 정보 [main] org.apache.catalina.core.ApplicationContext.log ContextListener: contextInitialized()
02-May-2024 11:32:51.824 정보 [main] org.apache.catalina.core.ApplicationContext.log SessionListener: contextInitialized()
02-May-2024 11:32:51.825 정보 [main] org.apache.catalina.core.ApplicationContext.log ContextListener: attributeAdded('StockTicker', 'async.Stockticker@495083a0')
02-May-2024 11:33:16.100 정보 [main] org.apache.catalina.core.ApplicationContext.log SessionListener: contextDestroyed()
02-May-2024 11:33:16.100 정보 [main] org.apache.catalina.core.ApplicationContext.log ContextListener: contextDestroyed()
02-May-2024 11:36:16.063 정보 [main] org.apache.catalina.core.ApplicationContext.log ContextListener: contextInitialized()
02-May-2024 11:36:16.063 정보 [main] org.apache.catalina.core.ApplicationContext.log SessionListener: contextInitialized()
02-May-2024 11:36:16.065 정보 [main] org.apache.catalina.core.ApplicationContext.log ContextListener: attributeAdded('StockTicker', 'async.Stockticker@495083a0')
02-May-2024 11:37:59.755 정보 [main] org.apache.catalina.core.ApplicationContext.log SessionListener: contextDestroyed()
02-May-2024 11:37:59.755 정보 [main] org.apache.catalina.core.ApplicationContext.log ContextListener: contextDestroyed()
02-May-2024 11:46:10.692 정보 [main] org.apache.catalina.core.ApplicationContext.log ContextListener: contextInitialized()
02-May-2024 11:46:10.692 정보 [main] org.apache.catalina.core.ApplicationContext.log SessionListener: contextInitialized()
02-May-2024 11:46:10.693 정보 [main] org.apache.catalina.core.ApplicationContext.log ContextListener: attributeAdded('StockTicker', 'async.Stockticker@172ca72b')
02-May-2024 11:46:10.823 정보 [main] org.apache.catalina.core.ApplicationContext.log SessionListener: contextDestroyed()
02-May-2024 11:46:10.823 정보 [main] org.apache.catalina.core.ApplicationContext.log ContextListener: contextDestroyed()
02-May-2024 11:46:31.300 정보 [main] org.apache.catalina.core.ApplicationContext.log ContextListener: contextInitialized()
02-May-2024 11:46:31.300 정보 [main] org.apache.catalina.core.ApplicationContext.log SessionListener: contextInitialized()
02-May-2024 11:46:31.302 정보 [main] org.apache.catalina.core.ApplicationContext.log ContextListener: attributeAdded('StockTicker', 'async.Stockticker@2d10e0b1')
02-May-2024 11:46:31.455 정보 [main] org.apache.catalina.core.ApplicationContext.log SessionListener: contextDestroyed()
02-May-2024 11:46:31.455 정보 [main] org.apache.catalina.core.ApplicationContext.log ContextListener: contextDestroyed()
02-May-2024 11:49:32.587 정보 [main] org.apache.catalina.core.ApplicationContext.log ContextListener: contextInitialized()
02-May-2024 11:49:32.588 정보 [main] org.apache.catalina.core.ApplicationContext.log SessionListener: contextInitialized()
02-May-2024 11:49:32.590 정보 [main] org.apache.catalina.core.ApplicationContext.log ContextListener: attributeAdded('StockTicker', 'async.Stockticker@6c67e137')
02-May-2024 11:49:32.697 정보 [main] org.apache.catalina.core.ApplicationContext.log SessionListener: contextDestroyed()
02-May-2024 11:49:32.697 정보 [main] org.apache.catalina.core.ApplicationContext.log ContextListener: contextDestroyed()
02-May-2024 12:16:45.705 정보 [main] org.apache.catalina.core.ApplicationContext.log ContextListener: contextInitialized()
02-May-2024 12:16:45.705 정보 [main] org.apache.catalina.core.ApplicationContext.log SessionListener: contextInitialized()
02-May-2024 12:16:45.707 정보 [main] org.apache.catalina.core.ApplicationContext.log ContextListener: attributeAdded('StockTicker', 'async.Stockticker@191ae03f')
02-May-2024 12:16:45.825 정보 [main] org.apache.catalina.core.ApplicationContext.log SessionListener: contextDestroyed()
02-May-2024 12:16:45.826 정보 [main] org.apache.catalina.core.ApplicationContext.log ContextListener: contextDestroyed()
